Remember that you can report errors and get help in https://github.com/NicoSantangelo/sublime-gulp

05-06-2016 23:12:
C:\Users\Пользоватедь\AppData\Roaming\Sublime Text 3\Packages\Gulp\write_tasks_to_cache.js:31
        throw ex;
        ^

Error: Cannot find module 'gulp'
    at Function.Module._resolveFilename (module.js:337:15)
    at Function.Module._load (module.js:287:25)
    at Module.require (module.js:366:17)
    at require (module.js:385:17)
    at Object.<anonymous> (D:\VirtualFolder\website.kvant\.sublime-gulp-tmp.js:1:82)
    at Module._compile (module.js:425:26)
    at Object.Module._extensions..js (module.js:432:10)
    at Module.load (module.js:356:32)
    at Function.Module._load (module.js:311:12)
    at Module.require (module.js:366:17)


05-06-2016 23:14:
C:\Users\Пользоватедь\AppData\Roaming\Sublime Text 3\Packages\Gulp\write_tasks_to_cache.js:31
        throw ex;
        ^

Error: Cannot find module 'gulp-sass'
    at Function.Module._resolveFilename (module.js:337:15)
    at Function.Module._load (module.js:287:25)
    at Module.require (module.js:366:17)
    at require (module.js:385:17)
    at Object.<anonymous> (D:\VirtualFolder\website.kvant\.sublime-gulp-tmp.js:2:18)
    at Module._compile (module.js:425:26)
    at Object.Module._extensions..js (module.js:432:10)
    at Module.load (module.js:356:32)
    at Function.Module._load (module.js:311:12)
    at Module.require (module.js:366:17)


05-06-2016 23:28:
C:\Users\Пользоватедь\AppData\Roaming\Sublime Text 3\Packages\Gulp\write_tasks_to_cache.js:31
        throw ex;
        ^

Error: Cannot find module 'gulp-sass'
    at Function.Module._resolveFilename (module.js:337:15)
    at Function.Module._load (module.js:287:25)
    at Module.require (module.js:366:17)
    at require (module.js:385:17)
    at Object.<anonymous> (D:\VirtualFolder\website.kvant\.sublime-gulp-tmp.js:2:18)
    at Module._compile (module.js:425:26)
    at Object.Module._extensions..js (module.js:432:10)
    at Module.load (module.js:356:32)
    at Function.Module._load (module.js:311:12)
    at Module.require (module.js:366:17)


05-07-2016 14:14:
C:\Users\Пользоватедь\AppData\Roaming\Sublime Text 3\Packages\Gulp\write_tasks_to_cache.js:31
        throw ex;
        ^

Error: Cannot find module 'gulp-sass'
    at Function.Module._resolveFilename (module.js:337:15)
    at Function.Module._load (module.js:287:25)
    at Module.require (module.js:366:17)
    at require (module.js:385:17)
    at Object.<anonymous> (D:\VirtualFolder\website.kvant\.sublime-gulp-tmp.js:2:18)
    at Module._compile (module.js:425:26)
    at Object.Module._extensions..js (module.js:432:10)
    at Module.load (module.js:356:32)
    at Function.Module._load (module.js:311:12)
    at Module.require (module.js:366:17)


05-07-2016 14:16:
C:\Users\Пользоватедь\AppData\Roaming\Sublime Text 3\Packages\Gulp\write_tasks_to_cache.js:31
        throw ex;
        ^

Error: Cannot find module 'gulp-sass'
    at Function.Module._resolveFilename (module.js:337:15)
    at Function.Module._load (module.js:287:25)
    at Module.require (module.js:366:17)
    at require (module.js:385:17)
    at Object.<anonymous> (D:\VirtualFolder\website.kvant\.sublime-gulp-tmp.js:2:18)
    at Module._compile (module.js:425:26)
    at Object.Module._extensions..js (module.js:432:10)
    at Module.load (module.js:356:32)
    at Function.Module._load (module.js:311:12)
    at Module.require (module.js:366:17)


05-07-2016 14:16:
C:\Users\Пользоватедь\AppData\Roaming\Sublime Text 3\Packages\Gulp\write_tasks_to_cache.js:31
        throw ex;
        ^

Error: Cannot find module 'gulp-sass'
    at Function.Module._resolveFilename (module.js:337:15)
    at Function.Module._load (module.js:287:25)
    at Module.require (module.js:366:17)
    at require (module.js:385:17)
    at Object.<anonymous> (D:\VirtualFolder\website.kvant\.sublime-gulp-tmp.js:2:18)
    at Module._compile (module.js:425:26)
    at Object.Module._extensions..js (module.js:432:10)
    at Module.load (module.js:356:32)
    at Function.Module._load (module.js:311:12)
    at Module.require (module.js:366:17)


05-07-2016 14:21:
C:\Users\Пользоватедь\AppData\Roaming\Sublime Text 3\Packages\Gulp\write_tasks_to_cache.js:31
        throw ex;
        ^

Error: Cannot find module 'gulp-sass'
    at Function.Module._resolveFilename (module.js:337:15)
    at Function.Module._load (module.js:287:25)
    at Module.require (module.js:366:17)
    at require (module.js:385:17)
    at Object.<anonymous> (D:\VirtualFolder\website.kvant\.sublime-gulp-tmp.js:2:18)
    at Module._compile (module.js:425:26)
    at Object.Module._extensions..js (module.js:432:10)
    at Module.load (module.js:356:32)
    at Function.Module._load (module.js:311:12)
    at Module.require (module.js:366:17)


05-07-2016 14:52:
(node:9092) fs: re-evaluating native module sources is not supported. If you are using the graceful-fs module, please update it to a more recent version.


05-07-2016 14:53:
(node:4832) fs: re-evaluating native module sources is not supported. If you are using the graceful-fs module, please update it to a more recent version.
